<?xml version="1.0" encoding="UTF-8"?>
<!-- Generated by org.testng.reporters.JUnitReportReporter -->
<testsuite skipped="0" hostname="NAG1-LHP-N06960" name="testsuite.TestSuite" tests="1" failures="0" timestamp="2020-08-27T20:30:02 IST" time="43.942" errors="0">
  <testcase name="checkMethod" time="43.942" classname="testsuite.TestSuite"/>
  <system-out/>
</testsuite> <!-- testsuite.TestSuite -->
